<?xml version="1.0" encoding="UTF-8"?>
<testng-results skipped="0" failed="0" ignored="0" total="1" passed="1">
  <reporter-output>
  </reporter-output>
  <suite name="Suite" duration-ms="46" started-at="2018-01-05T13:48:10Z" finished-at="2018-01-05T13:48:10Z">
    <groups>
    </groups>
    <test name="Test" duration-ms="46" started-at="2018-01-05T13:48:10Z" finished-at="2018-01-05T13:48:10Z">
      <class name="com.test.Demo">
        <test-method status="PASS" signature="rest()[pri:0, instance:com.test.Demo@2a18f23c]" name="rest" duration-ms="9" started-at="2018-01-05T19:18:10Z" finished-at="2018-01-05T19:18:10Z">
          <reporter-output>
          </reporter-output>
        </test-method> <!-- rest -->
      </class> <!-- com.test.Demo -->
    </test> <!-- Test -->
  </suite> <!-- Suite -->
</testng-results>
