<?xml version="1.0" encoding="UTF-8"?>
<testng-results skipped="0" failed="0" ignored="0" total="1" passed="1">
  <reporter-output>
  </reporter-output>
  <suite name="Default suite" duration-ms="95" started-at="2018-01-05T13:46:56Z" finished-at="2018-01-05T13:46:56Z">
    <groups>
    </groups>
    <test name="Default test" duration-ms="95" started-at="2018-01-05T13:46:56Z" finished-at="2018-01-05T13:46:56Z">
      <class name="com.test.Demo">
        <test-method status="PASS" signature="rest()[pri:0, instance:com.test.Demo@29ee9faa]" name="rest" duration-ms="15" started-at="2018-01-05T19:16:56Z" finished-at="2018-01-05T19:16:56Z">
          <reporter-output>
          </reporter-output>
        </test-method> <!-- rest -->
      </class> <!-- com.test.Demo -->
    </test> <!-- Default test -->
  </suite> <!-- Default suite -->
</testng-results>
